<?xml version="1.0" encoding="UTF-8"?>
<testsuite xmlns:xsi="http://www.w3.org/2001/XMLSchema-instance" xsi:noNamespaceSchemaLocation="https://maven.apache.org/surefire/maven-surefire-plugin/xsd/surefire-test-report-3.0.xsd" version="3.0" name="com.docprocessor.controller.AppIntegrationTest" time="12.302" tests="4" errors="0" skipped="0" failures="0">
  <properties>
[...]
</properties>
  <testcase name="testAdminAccessAdminPanel" classname="com.docprocessor.controller.AppIntegrationTest" time="1.455">
    <system-out><![CDATA[13:39:19.589 [main] INFO org.springframework.test.context.support.AnnotationConfigContextLoaderUtils -- Could not detect default configuration classes for test class [com.docprocessor.controller.AppIntegrationTest]: AppIntegrationTest does not declare any static, non-private, non-final, nested classes annotated with @Configuration.
13:39:19.914 [main] INFO org.springframework.boot.test.context.SpringBootTestContextBootstrapper -- Found @SpringBootConfiguration com.docprocessor.DocProcessorApplication for test class com.docprocessor.controller.AppIntegrationTest

  .   ____          _            __ _ _
 /\\ / ___'_ __ _ _(_)_ __  __ _ \ \ \ \
( ( )\___ | '_ | '_| | '_ \/ _` | \ \ \ \
 \\/  ___)| |_)| | | | | || (_| |  ) ) ) )
  '  |____| .__|_| |_|_| |_\__, | / / / /
 =========|_|==============|___/=/_/_/_/

 :: Spring Boot ::                (v3.3.4)

2026-07-26T13:39:21.392Z  INFO 6817 --- [doc-processor] [           main] c.d.controller.AppIntegrationTest        : Starting AppIntegrationTest using Java 21.0.10 with PID 6817 (started by codespace in /workspaces/docuj)
2026-07-26T13:39:21.395Z  INFO 6817 --- [doc-processor] [           main] c.d.controller.AppIntegrationTest        : The following 1 profile is active: "h2"
2026-07-26T13:39:23.315Z  INFO 6817 --- [doc-processor] [           main] .s.d.r.c.RepositoryConfigurationDelegate : Bootstrapping Spring Data JPA repositories in DEFAULT mode.
2026-07-26T13:39:23.464Z  INFO 6817 --- [doc-processor] [           main] .s.d.r.c.RepositoryConfigurationDelegate : Finished Spring Data repository scanning in 136 ms. Found 3 JPA repository interfaces.
2026-07-26T13:39:24.222Z  INFO 6817 --- [doc-processor] [           main] o.hibernate.jpa.internal.util.LogHelper  : HHH000204: Processing PersistenceUnitInfo [name: default]
2026-07-26T13:39:24.377Z  INFO 6817 --- [doc-processor] [           main] org.hibernate.Version                    : HHH000412: Hibernate ORM core version 6.5.3.Final
2026-07-26T13:39:24.498Z  INFO 6817 --- [doc-processor] [           main] o.h.c.internal.RegionFactoryInitiator    : HHH000026: Second-level cache disabled
2026-07-26T13:39:24.859Z  INFO 6817 --- [doc-processor] [           main] o.s.o.j.p.SpringPersistenceUnitInfo      : No LoadTimeWeaver setup: ignoring JPA class transformer
2026-07-26T13:39:24.889Z  INFO 6817 --- [doc-processor] [           main] com.zaxxer.hikari.HikariDataSource       : HikariPool-1 - Starting...
2026-07-26T13:39:25.678Z  INFO 6817 --- [doc-processor] [           main] com.zaxxer.hikari.pool.HikariPool        : HikariPool-1 - Added connection conn0: url=jdbc:h2:mem:docdb user=SA
2026-07-26T13:39:25.688Z  INFO 6817 --- [doc-processor] [           main] com.zaxxer.hikari.HikariDataSource       : HikariPool-1 - Start completed.
2026-07-26T13:39:25.722Z  WARN 6817 --- [doc-processor] [           main] org.hibernate.orm.deprecation            : HHH90000025: H2Dialect does not need to be specified explicitly using 'hibernate.dialect' (remove the property setting and it will be selected by default)
2026-07-26T13:39:27.247Z  INFO 6817 --- [doc-processor] [           main] o.h.e.t.j.p.i.JtaPlatformInitiator       : HHH000489: No JTA platform available (set 'hibernate.transaction.jta.platform' to enable JTA platform integration)
2026-07-26T13:39:27.412Z  INFO 6817 --- [doc-processor] [           main] j.LocalContainerEntityManagerFactoryBean : Initialized JPA EntityManagerFactory for persistence unit 'default'
2026-07-26T13:39:28.278Z  WARN 6817 --- [doc-processor] [           main] JpaBaseConfiguration$JpaWebConfiguration : spring.jpa.open-in-view is enabled by default. Therefore, database queries may be performed during view rendering. Explicitly configure spring.jpa.open-in-view to disable this warning
2026-07-26T13:39:28.323Z  INFO 6817 --- [doc-processor] [           main] eAuthenticationProviderManagerConfigurer : Global AuthenticationManager configured with AuthenticationProvider bean with name customAuthenticationProvider
2026-07-26T13:39:29.232Z  INFO 6817 --- [doc-processor] [           main] o.s.b.a.h2.H2ConsoleAutoConfiguration    : H2 console available at '/h2-console'. Database available at 'jdbc:h2:mem:docdb'
2026-07-26T13:39:29.313Z  INFO 6817 --- [doc-processor] [           main] o.s.b.t.m.w.SpringBootMockServletContext : Initializing Spring TestDispatcherServlet ''
2026-07-26T13:39:29.313Z  INFO 6817 --- [doc-processor] [           main] o.s.t.web.servlet.TestDispatcherServlet  : Initializing Servlet ''
2026-07-26T13:39:29.315Z  INFO 6817 --- [doc-processor] [           main] o.s.t.web.servlet.TestDispatcherServlet  : Completed initialization in 2 ms
2026-07-26T13:39:29.355Z  INFO 6817 --- [doc-processor] [           main] c.d.controller.AppIntegrationTest        : Started AppIntegrationTest in 8.925 seconds (process running for 11.143)
]]></system-out>
    <system-err><![CDATA[WARNING: A Java agent has been loaded dynamically (/home/codespace/.m2/repository/net/bytebuddy/byte-buddy-agent/1.14.19/byte-buddy-agent-1.14.19.jar)
WARNING: If a serviceability tool is in use, please run with -XX:+EnableDynamicAgentLoading to hide this warning
WARNING: If a serviceability tool is not in use, please run with -Djdk.instrument.traceUsage for more information
WARNING: Dynamic loading of agents will be disallowed by default in a future release
]]></system-err>
  </testcase>
  <testcase name="testRegularUserAccessDashboard" classname="com.docprocessor.controller.AppIntegrationTest" time="0.078"/>
  <testcase name="testLoginRedirect" classname="com.docprocessor.controller.AppIntegrationTest" time="0.011"/>
  <testcase name="testRegularUserAdminForbidden" classname="com.docprocessor.controller.AppIntegrationTest" time="0.011"/>
</testsuite>