<?xml version="1.0" encoding="UTF-8"?>
<testsuite xmlns:xsi="http://www.w3.org/2001/XMLSchema-instance" xsi:noNamespaceSchemaLocation="https://maven.apache.org/surefire/maven-surefire-plugin/xsd/surefire-test-report-3.0.xsd" version="3.0" name="com.docprocessor.service.DocumentParsingServiceTest" time="7.082" tests="2" errors="0" skipped="0" failures="0">
  <properties>
[...]
</properties>
  <testcase name="testProcessDocument_EmptyFilename" classname="com.docprocessor.service.DocumentParsingServiceTest" time="0.66">
    <system-out><![CDATA[12:49:36.363 [main] INFO org.springframework.test.context.support.AnnotationConfigContextLoaderUtils -- Could not detect default configuration classes for test class [com.docprocessor.service.DocumentParsingServiceTest]: DocumentParsingServiceTest does not declare any static, non-private, non-final, nested classes annotated with @Configuration.
12:49:36.484 [main] INFO org.springframework.boot.test.context.SpringBootTestContextBootstrapper -- Found @SpringBootConfiguration com.docprocessor.DocProcessorApplication for test class com.docprocessor.service.DocumentParsingServiceTest

  .   ____          _            __ _ _
 /\\ / ___'_ __ _ _(_)_ __  __ _ \ \ \ \
( ( )\___ | '_ | '_| | '_ \/ _` | \ \ \ \
 \\/  ___)| |_)| | | | | || (_| |  ) ) ) )
  '  |____| .__|_| |_|_| |_\__, | / / / /
 =========|_|==============|___/=/_/_/_/

 :: Spring Boot ::                (v3.3.4)

2026-07-26T12:49:36.936Z  INFO 49648 --- [doc-processor] [           main] c.d.service.DocumentParsingServiceTest   : Starting DocumentParsingServiceTest using Java 21.0.10 with PID 49648 (started by jules in /app)
2026-07-26T12:49:36.937Z  INFO 49648 --- [doc-processor] [           main] c.d.service.DocumentParsingServiceTest   : The following 1 profile is active: "h2"
2026-07-26T12:49:37.990Z  INFO 49648 --- [doc-processor] [           main] .s.d.r.c.RepositoryConfigurationDelegate : Bootstrapping Spring Data JPA repositories in DEFAULT mode.
2026-07-26T12:49:38.051Z  INFO 49648 --- [doc-processor] [           main] .s.d.r.c.RepositoryConfigurationDelegate : Finished Spring Data repository scanning in 53 ms. Found 3 JPA repository interfaces.
2026-07-26T12:49:38.586Z  INFO 49648 --- [doc-processor] [           main] o.hibernate.jpa.internal.util.LogHelper  : HHH000204: Processing PersistenceUnitInfo [name: default]
2026-07-26T12:49:38.657Z  INFO 49648 --- [doc-processor] [           main] org.hibernate.Version                    : HHH000412: Hibernate ORM core version 6.5.3.Final
2026-07-26T12:49:38.716Z  INFO 49648 --- [doc-processor] [           main] o.h.c.internal.RegionFactoryInitiator    : HHH000026: Second-level cache disabled
2026-07-26T12:49:39.029Z  INFO 49648 --- [doc-processor] [           main] o.s.o.j.p.SpringPersistenceUnitInfo      : No LoadTimeWeaver setup: ignoring JPA class transformer
2026-07-26T12:49:39.059Z  INFO 49648 --- [doc-processor] [           main] com.zaxxer.hikari.HikariDataSource       : HikariPool-1 - Starting...
2026-07-26T12:49:39.527Z  INFO 49648 --- [doc-processor] [           main] com.zaxxer.hikari.pool.HikariPool        : HikariPool-1 - Added connection conn0: url=jdbc:h2:mem:docdb user=SA
2026-07-26T12:49:39.529Z  INFO 49648 --- [doc-processor] [           main] com.zaxxer.hikari.HikariDataSource       : HikariPool-1 - Start completed.
2026-07-26T12:49:39.555Z  WARN 49648 --- [doc-processor] [           main] org.hibernate.orm.deprecation            : HHH90000025: H2Dialect does not need to be specified explicitly using 'hibernate.dialect' (remove the property setting and it will be selected by default)
2026-07-26T12:49:40.664Z  INFO 49648 --- [doc-processor] [           main] o.h.e.t.j.p.i.JtaPlatformInitiator       : HHH000489: No JTA platform available (set 'hibernate.transaction.jta.platform' to enable JTA platform integration)
2026-07-26T12:49:40.748Z  INFO 49648 --- [doc-processor] [           main] j.LocalContainerEntityManagerFactoryBean : Initialized JPA EntityManagerFactory for persistence unit 'default'
2026-07-26T12:49:41.338Z  WARN 49648 --- [doc-processor] [           main] JpaBaseConfiguration$JpaWebConfiguration : spring.jpa.open-in-view is enabled by default. Therefore, database queries may be performed during view rendering. Explicitly configure spring.jpa.open-in-view to disable this warning
2026-07-26T12:49:41.358Z  INFO 49648 --- [doc-processor] [           main] eAuthenticationProviderManagerConfigurer : Global AuthenticationManager configured with AuthenticationProvider bean with name customAuthenticationProvider
2026-07-26T12:49:42.093Z  INFO 49648 --- [doc-processor] [           main] o.s.b.a.h2.H2ConsoleAutoConfiguration    : H2 console available at '/h2-console'. Database available at 'jdbc:h2:mem:docdb'
2026-07-26T12:49:42.161Z  INFO 49648 --- [doc-processor] [           main] c.d.service.DocumentParsingServiceTest   : Started DocumentParsingServiceTest in 5.509 seconds (process running for 6.659)
]]></system-out>
    <system-err><![CDATA[WARNING: A Java agent has been loaded dynamically (/home/jules/.m2/repository/net/bytebuddy/byte-buddy-agent/1.14.19/byte-buddy-agent-1.14.19.jar)
WARNING: If a serviceability tool is in use, please run with -XX:+EnableDynamicAgentLoading to hide this warning
WARNING: If a serviceability tool is not in use, please run with -Djdk.instrument.traceUsage for more information
WARNING: Dynamic loading of agents will be disallowed by default in a future release
]]></system-err>
  </testcase>
  <testcase name="testProcessDocument_UnsupportedFileType" classname="com.docprocessor.service.DocumentParsingServiceTest" time="0.023"/>
</testsuite>